   ▲ Next.js 15.5.7
   - Local:        http://localhost:1040
   - Network:      http://0.0.0.0:1040

 ✓ Starting...
 ✓ Ready in 612ms
(node:189) ExperimentalWarning: SQLite is an experimental feature and might change at any time
(Use `node --trace-warnings ...` to show where the warning was created)
(node:189) [DEP0169] DeprecationWarning: `url.parse()` behavior is not standardized and prone to errors that have security implications. Use the WHATWG URL API instead. CVEs are not issued for `url.parse()` vulnerabilities.
Payment error: Error [AxiosError]: Request failed with status code 400
    at aE (.next/server/chunks/9692.js:1:206037)
    at IncomingMessage.<anonymous> (.next/server/chunks/9692.js:3:11740)
    at bL.request (.next/server/chunks/9692.js:3:24253)
    at async g.createQris (.next/server/app/api/payment/tripay-callback/route.js:1:7822)
    at async A (.next/server/app/api/payment/create/route.js:1:1314)
    at async k (.next/server/app/api/payment/create/route.js:1:4796)
    at async g (.next/server/app/api/payment/create/route.js:1:5799)
    at async G (.next/server/app/api/payment/create/route.js:1:6921) {
  code: 'ERR_BAD_REQUEST',
  config: [Object],
  request: [ClientRequest],
  response: [Object],
  status: 400,
  constructor: [Function],
  toJSON: [Function: toJSON]
}
